âťŻ Building...
âś” Building...
Initial chunk files | Names         |  Raw size
styles.css          | styles        | 377.16 kB |
scripts.js          | scripts       | 107.73 kB |
main.js             | main          |  90.20 kB |

                    | Initial total | 575.10 kB

Application bundle generation complete. [4.632 seconds] - 2026-05-30T10:58:52.274Z

[33mâ–˛ [43;33m[[43;30mWARNING[43;33m][0m [1mDeprecation[0m [1m[35m[plugin angular-sass][0m

    src/styles.scss:1:8:
[37m      1 â”‚ @import [32m[37m"bootstrap/scss/bootstrap";
        â•µ         [32m^[0m


  Sass @import rules are deprecated and will be removed in Dart Sass 3.0.0.

  More info and automated migrator: [4mhttps://sass-lang.com/d/import[0m

  The plugin "angular-sass" was triggered by this import

    angular:styles/global:styles:1:8:
[37m      1 â”‚ @import [32m'src/styles.scss'[37m;
        â•µ         [32m~~~~~~~~~~~~~~~~~[0m


Watch mode enabled. Watching for file changes...
NOTE: Raw file sizes do not reflect development server per-request transformations.
  âžś  Local:   http://localhost:4200/
